  소스.cpp
c:\users\cjw72\documents\visual studio 2015\projects\consoleapplication47\consoleapplication47\소스.cpp(53): warning C4996: 'fopen': This function or variable may be unsafe. Consider using fopen_s instead. To disable deprecation, use _CRT_SECURE_NO_WARNINGS. See online help for details.
  c:\program files (x86)\windows kits\10\include\10.0.10240.0\ucrt\stdio.h(205): note: 'fopen' 선언을 참조하십시오.
c:\users\cjw72\documents\visual studio 2015\projects\consoleapplication47\consoleapplication47\소스.cpp(153): warning C4996: 'strcpy': This function or variable may be unsafe. Consider using strcpy_s instead. To disable deprecation, use _CRT_SECURE_NO_WARNINGS. See online help for details.
  c:\program files (x86)\windows kits\10\include\10.0.10240.0\ucrt\string.h(119): note: 'strcpy' 선언을 참조하십시오.
c:\users\cjw72\documents\visual studio 2015\projects\consoleapplication47\consoleapplication47\소스.cpp(188): warning C4244: '+=': 'double'에서 'int'(으)로 변환하면서 데이터가 손실될 수 있습니다.
c:\users\cjw72\documents\visual studio 2015\projects\consoleapplication47\consoleapplication47\소스.cpp(194): warning C4244: '+=': 'double'에서 'int'(으)로 변환하면서 데이터가 손실될 수 있습니다.
c:\users\cjw72\documents\visual studio 2015\projects\consoleapplication47\consoleapplication47\소스.cpp(200): warning C4244: '+=': 'double'에서 'int'(으)로 변환하면서 데이터가 손실될 수 있습니다.
c:\users\cjw72\documents\visual studio 2015\projects\consoleapplication47\consoleapplication47\소스.cpp(226): warning C4996: 'strcpy': This function or variable may be unsafe. Consider using strcpy_s instead. To disable deprecation, use _CRT_SECURE_NO_WARNINGS. See online help for details.
  c:\program files (x86)\windows kits\10\include\10.0.10240.0\ucrt\string.h(119): note: 'strcpy' 선언을 참조하십시오.
c:\users\cjw72\documents\visual studio 2015\projects\consoleapplication47\consoleapplication47\소스.cpp(238): warning C4996: 'strtok': This function or variable may be unsafe. Consider using strtok_s instead. To disable deprecation, use _CRT_SECURE_NO_WARNINGS. See online help for details.
  c:\program files (x86)\windows kits\10\include\10.0.10240.0\ucrt\string.h(453): note: 'strtok' 선언을 참조하십시오.
c:\users\cjw72\documents\visual studio 2015\projects\consoleapplication47\consoleapplication47\소스.cpp(239): warning C4996: 'strcpy': This function or variable may be unsafe. Consider using strcpy_s instead. To disable deprecation, use _CRT_SECURE_NO_WARNINGS. See online help for details.
  c:\program files (x86)\windows kits\10\include\10.0.10240.0\ucrt\string.h(119): note: 'strcpy' 선언을 참조하십시오.
c:\users\cjw72\documents\visual studio 2015\projects\consoleapplication47\consoleapplication47\소스.cpp(242): warning C4996: 'strcpy': This function or variable may be unsafe. Consider using strcpy_s instead. To disable deprecation, use _CRT_SECURE_NO_WARNINGS. See online help for details.
  c:\program files (x86)\windows kits\10\include\10.0.10240.0\ucrt\string.h(119): note: 'strcpy' 선언을 참조하십시오.
c:\users\cjw72\documents\visual studio 2015\projects\consoleapplication47\consoleapplication47\소스.cpp(243): warning C4996: 'strtok': This function or variable may be unsafe. Consider using strtok_s instead. To disable deprecation, use _CRT_SECURE_NO_WARNINGS. See online help for details.
  c:\program files (x86)\windows kits\10\include\10.0.10240.0\ucrt\string.h(453): note: 'strtok' 선언을 참조하십시오.
c:\users\cjw72\documents\visual studio 2015\projects\consoleapplication47\consoleapplication47\소스.cpp(246): warning C4996: 'strcpy': This function or variable may be unsafe. Consider using strcpy_s instead. To disable deprecation, use _CRT_SECURE_NO_WARNINGS. See online help for details.
  c:\program files (x86)\windows kits\10\include\10.0.10240.0\ucrt\string.h(119): note: 'strcpy' 선언을 참조하십시오.
c:\users\cjw72\documents\visual studio 2015\projects\consoleapplication47\consoleapplication47\소스.cpp(247): warning C4996: 'strcpy': This function or variable may be unsafe. Consider using strcpy_s instead. To disable deprecation, use _CRT_SECURE_NO_WARNINGS. See online help for details.
  c:\program files (x86)\windows kits\10\include\10.0.10240.0\ucrt\string.h(119): note: 'strcpy' 선언을 참조하십시오.
c:\users\cjw72\documents\visual studio 2015\projects\consoleapplication47\consoleapplication47\소스.cpp(258): warning C4996: 'strcpy': This function or variable may be unsafe. Consider using strcpy_s instead. To disable deprecation, use _CRT_SECURE_NO_WARNINGS. See online help for details.
  c:\program files (x86)\windows kits\10\include\10.0.10240.0\ucrt\string.h(119): note: 'strcpy' 선언을 참조하십시오.
c:\users\cjw72\documents\visual studio 2015\projects\consoleapplication47\consoleapplication47\소스.cpp(260): warning C4996: 'strcpy': This function or variable may be unsafe. Consider using strcpy_s instead. To disable deprecation, use _CRT_SECURE_NO_WARNINGS. See online help for details.
  c:\program files (x86)\windows kits\10\include\10.0.10240.0\ucrt\string.h(119): note: 'strcpy' 선언을 참조하십시오.
c:\users\cjw72\documents\visual studio 2015\projects\consoleapplication47\consoleapplication47\소스.cpp(262): warning C4996: 'strtok': This function or variable may be unsafe. Consider using strtok_s instead. To disable deprecation, use _CRT_SECURE_NO_WARNINGS. See online help for details.
  c:\program files (x86)\windows kits\10\include\10.0.10240.0\ucrt\string.h(453): note: 'strtok' 선언을 참조하십시오.
c:\users\cjw72\documents\visual studio 2015\projects\consoleapplication47\consoleapplication47\소스.cpp(266): warning C4996: 'strcpy': This function or variable may be unsafe. Consider using strcpy_s instead. To disable deprecation, use _CRT_SECURE_NO_WARNINGS. See online help for details.
  c:\program files (x86)\windows kits\10\include\10.0.10240.0\ucrt\string.h(119): note: 'strcpy' 선언을 참조하십시오.
c:\users\cjw72\documents\visual studio 2015\projects\consoleapplication47\consoleapplication47\소스.cpp(267): warning C4996: 'strcpy': This function or variable may be unsafe. Consider using strcpy_s instead. To disable deprecation, use _CRT_SECURE_NO_WARNINGS. See online help for details.
  c:\program files (x86)\windows kits\10\include\10.0.10240.0\ucrt\string.h(119): note: 'strcpy' 선언을 참조하십시오.
c:\users\cjw72\documents\visual studio 2015\projects\consoleapplication47\consoleapplication47\소스.cpp(268): warning C4996: 'strcpy': This function or variable may be unsafe. Consider using strcpy_s instead. To disable deprecation, use _CRT_SECURE_NO_WARNINGS. See online help for details.
  c:\program files (x86)\windows kits\10\include\10.0.10240.0\ucrt\string.h(119): note: 'strcpy' 선언을 참조하십시오.
c:\users\cjw72\documents\visual studio 2015\projects\consoleapplication47\consoleapplication47\소스.cpp(272): warning C4996: 'strcpy': This function or variable may be unsafe. Consider using strcpy_s instead. To disable deprecation, use _CRT_SECURE_NO_WARNINGS. See online help for details.
  c:\program files (x86)\windows kits\10\include\10.0.10240.0\ucrt\string.h(119): note: 'strcpy' 선언을 참조하십시오.
c:\users\cjw72\documents\visual studio 2015\projects\consoleapplication47\consoleapplication47\소스.cpp(273): warning C4996: 'strcpy': This function or variable may be unsafe. Consider using strcpy_s instead. To disable deprecation, use _CRT_SECURE_NO_WARNINGS. See online help for details.
  c:\program files (x86)\windows kits\10\include\10.0.10240.0\ucrt\string.h(119): note: 'strcpy' 선언을 참조하십시오.
c:\users\cjw72\documents\visual studio 2015\projects\consoleapplication47\consoleapplication47\소스.cpp(274): warning C4996: 'strcpy': This function or variable may be unsafe. Consider using strcpy_s instead. To disable deprecation, use _CRT_SECURE_NO_WARNINGS. See online help for details.
  c:\program files (x86)\windows kits\10\include\10.0.10240.0\ucrt\string.h(119): note: 'strcpy' 선언을 참조하십시오.
c:\users\cjw72\documents\visual studio 2015\projects\consoleapplication47\consoleapplication47\소스.cpp(278): warning C4996: 'strcpy': This function or variable may be unsafe. Consider using strcpy_s instead. To disable deprecation, use _CRT_SECURE_NO_WARNINGS. See online help for details.
  c:\program files (x86)\windows kits\10\include\10.0.10240.0\ucrt\string.h(119): note: 'strcpy' 선언을 참조하십시오.
c:\users\cjw72\documents\visual studio 2015\projects\consoleapplication47\consoleapplication47\소스.cpp(279): warning C4996: 'strcpy': This function or variable may be unsafe. Consider using strcpy_s instead. To disable deprecation, use _CRT_SECURE_NO_WARNINGS. See online help for details.
  c:\program files (x86)\windows kits\10\include\10.0.10240.0\ucrt\string.h(119): note: 'strcpy' 선언을 참조하십시오.
c:\users\cjw72\documents\visual studio 2015\projects\consoleapplication47\consoleapplication47\소스.cpp(280): warning C4996: 'strcpy': This function or variable may be unsafe. Consider using strcpy_s instead. To disable deprecation, use _CRT_SECURE_NO_WARNINGS. See online help for details.
  c:\program files (x86)\windows kits\10\include\10.0.10240.0\ucrt\string.h(119): note: 'strcpy' 선언을 참조하십시오.
c:\users\cjw72\documents\visual studio 2015\projects\consoleapplication47\consoleapplication47\소스.cpp(234): warning C4101: 'awd' :참조되지 않은 지역 변수입니다.
c:\users\cjw72\documents\visual studio 2015\projects\consoleapplication47\consoleapplication47\소스.cpp(303): warning C4996: 'fopen': This function or variable may be unsafe. Consider using fopen_s instead. To disable deprecation, use _CRT_SECURE_NO_WARNINGS. See online help for details.
  c:\program files (x86)\windows kits\10\include\10.0.10240.0\ucrt\stdio.h(205): note: 'fopen' 선언을 참조하십시오.
c:\users\cjw72\documents\visual studio 2015\projects\consoleapplication47\consoleapplication47\소스.cpp(308): warning C4996: 'fopen': This function or variable may be unsafe. Consider using fopen_s instead. To disable deprecation, use _CRT_SECURE_NO_WARNINGS. See online help for details.
  c:\program files (x86)\windows kits\10\include\10.0.10240.0\ucrt\stdio.h(205): note: 'fopen' 선언을 참조하십시오.
c:\users\cjw72\documents\visual studio 2015\projects\consoleapplication47\consoleapplication47\소스.cpp(313): warning C4996: 'fopen': This function or variable may be unsafe. Consider using fopen_s instead. To disable deprecation, use _CRT_SECURE_NO_WARNINGS. See online help for details.
  c:\program files (x86)\windows kits\10\include\10.0.10240.0\ucrt\stdio.h(205): note: 'fopen' 선언을 참조하십시오.
c:\users\cjw72\documents\visual studio 2015\projects\consoleapplication47\consoleapplication47\소스.cpp(362): warning C4996: 'sprintf': This function or variable may be unsafe. Consider using sprintf_s instead. To disable deprecation, use _CRT_SECURE_NO_WARNINGS. See online help for details.
  c:\program files (x86)\windows kits\10\include\10.0.10240.0\ucrt\stdio.h(1769): note: 'sprintf' 선언을 참조하십시오.
c:\users\cjw72\documents\visual studio 2015\projects\consoleapplication47\consoleapplication47\소스.cpp(368): warning C4996: 'sprintf': This function or variable may be unsafe. Consider using sprintf_s instead. To disable deprecation, use _CRT_SECURE_NO_WARNINGS. See online help for details.
  c:\program files (x86)\windows kits\10\include\10.0.10240.0\ucrt\stdio.h(1769): note: 'sprintf' 선언을 참조하십시오.
c:\users\cjw72\documents\visual studio 2015\projects\consoleapplication47\consoleapplication47\소스.cpp(373): warning C4996: 'sprintf': This function or variable may be unsafe. Consider using sprintf_s instead. To disable deprecation, use _CRT_SECURE_NO_WARNINGS. See online help for details.
  c:\program files (x86)\windows kits\10\include\10.0.10240.0\ucrt\stdio.h(1769): note: 'sprintf' 선언을 참조하십시오.
c:\users\cjw72\documents\visual studio 2015\projects\consoleapplication47\consoleapplication47\소스.cpp(382): warning C4996: 'itoa': The POSIX name for this item is deprecated. Instead, use the ISO C and C++ conformant name: _itoa. See online help for details.
  c:\program files (x86)\windows kits\10\include\10.0.10240.0\ucrt\stdlib.h(1316): note: 'itoa' 선언을 참조하십시오.
c:\users\cjw72\documents\visual studio 2015\projects\consoleapplication47\consoleapplication47\소스.cpp(383): warning C4996: 'sprintf': This function or variable may be unsafe. Consider using sprintf_s instead. To disable deprecation, use _CRT_SECURE_NO_WARNINGS. See online help for details.
  c:\program files (x86)\windows kits\10\include\10.0.10240.0\ucrt\stdio.h(1769): note: 'sprintf' 선언을 참조하십시오.
c:\users\cjw72\documents\visual studio 2015\projects\consoleapplication47\consoleapplication47\소스.cpp(386): warning C4996: 'sprintf': This function or variable may be unsafe. Consider using sprintf_s instead. To disable deprecation, use _CRT_SECURE_NO_WARNINGS. See online help for details.
  c:\program files (x86)\windows kits\10\include\10.0.10240.0\ucrt\stdio.h(1769): note: 'sprintf' 선언을 참조하십시오.
c:\users\cjw72\documents\visual studio 2015\projects\consoleapplication47\consoleapplication47\소스.cpp(390): warning C4996: 'sprintf': This function or variable may be unsafe. Consider using sprintf_s instead. To disable deprecation, use _CRT_SECURE_NO_WARNINGS. See online help for details.
  c:\program files (x86)\windows kits\10\include\10.0.10240.0\ucrt\stdio.h(1769): note: 'sprintf' 선언을 참조하십시오.
c:\users\cjw72\documents\visual studio 2015\projects\consoleapplication47\consoleapplication47\소스.cpp(394): warning C4996: 'sprintf': This function or variable may be unsafe. Consider using sprintf_s instead. To disable deprecation, use _CRT_SECURE_NO_WARNINGS. See online help for details.
  c:\program files (x86)\windows kits\10\include\10.0.10240.0\ucrt\stdio.h(1769): note: 'sprintf' 선언을 참조하십시오.
c:\users\cjw72\documents\visual studio 2015\projects\consoleapplication47\consoleapplication47\소스.cpp(412): warning C4996: 'strcat': This function or variable may be unsafe. Consider using strcat_s instead. To disable deprecation, use _CRT_SECURE_NO_WARNINGS. See online help for details.
  c:\program files (x86)\windows kits\10\include\10.0.10240.0\ucrt\string.h(90): note: 'strcat' 선언을 참조하십시오.
c:\users\cjw72\documents\visual studio 2015\projects\consoleapplication47\consoleapplication47\소스.cpp(455): warning C4996: 'strtok': This function or variable may be unsafe. Consider using strtok_s instead. To disable deprecation, use _CRT_SECURE_NO_WARNINGS. See online help for details.
  c:\program files (x86)\windows kits\10\include\10.0.10240.0\ucrt\string.h(453): note: 'strtok' 선언을 참조하십시오.
c:\users\cjw72\documents\visual studio 2015\projects\consoleapplication47\consoleapplication47\소스.cpp(456): warning C4996: 'strcpy': This function or variable may be unsafe. Consider using strcpy_s instead. To disable deprecation, use _CRT_SECURE_NO_WARNINGS. See online help for details.
  c:\program files (x86)\windows kits\10\include\10.0.10240.0\ucrt\string.h(119): note: 'strcpy' 선언을 참조하십시오.
c:\users\cjw72\documents\visual studio 2015\projects\consoleapplication47\consoleapplication47\소스.cpp(459): warning C4996: 'strcpy': This function or variable may be unsafe. Consider using strcpy_s instead. To disable deprecation, use _CRT_SECURE_NO_WARNINGS. See online help for details.
  c:\program files (x86)\windows kits\10\include\10.0.10240.0\ucrt\string.h(119): note: 'strcpy' 선언을 참조하십시오.
c:\users\cjw72\documents\visual studio 2015\projects\consoleapplication47\consoleapplication47\소스.cpp(460): warning C4996: 'strtok': This function or variable may be unsafe. Consider using strtok_s instead. To disable deprecation, use _CRT_SECURE_NO_WARNINGS. See online help for details.
  c:\program files (x86)\windows kits\10\include\10.0.10240.0\ucrt\string.h(453): note: 'strtok' 선언을 참조하십시오.
c:\users\cjw72\documents\visual studio 2015\projects\consoleapplication47\consoleapplication47\소스.cpp(463): warning C4996: 'strcpy': This function or variable may be unsafe. Consider using strcpy_s instead. To disable deprecation, use _CRT_SECURE_NO_WARNINGS. See online help for details.
  c:\program files (x86)\windows kits\10\include\10.0.10240.0\ucrt\string.h(119): note: 'strcpy' 선언을 참조하십시오.
c:\users\cjw72\documents\visual studio 2015\projects\consoleapplication47\consoleapplication47\소스.cpp(464): warning C4996: 'strcpy': This function or variable may be unsafe. Consider using strcpy_s instead. To disable deprecation, use _CRT_SECURE_NO_WARNINGS. See online help for details.
  c:\program files (x86)\windows kits\10\include\10.0.10240.0\ucrt\string.h(119): note: 'strcpy' 선언을 참조하십시오.
c:\users\cjw72\documents\visual studio 2015\projects\consoleapplication47\consoleapplication47\소스.cpp(474): warning C4996: 'strcpy': This function or variable may be unsafe. Consider using strcpy_s instead. To disable deprecation, use _CRT_SECURE_NO_WARNINGS. See online help for details.
  c:\program files (x86)\windows kits\10\include\10.0.10240.0\ucrt\string.h(119): note: 'strcpy' 선언을 참조하십시오.
c:\users\cjw72\documents\visual studio 2015\projects\consoleapplication47\consoleapplication47\소스.cpp(476): warning C4996: 'strcpy': This function or variable may be unsafe. Consider using strcpy_s instead. To disable deprecation, use _CRT_SECURE_NO_WARNINGS. See online help for details.
  c:\program files (x86)\windows kits\10\include\10.0.10240.0\ucrt\string.h(119): note: 'strcpy' 선언을 참조하십시오.
c:\users\cjw72\documents\visual studio 2015\projects\consoleapplication47\consoleapplication47\소스.cpp(478): warning C4996: 'strcpy': This function or variable may be unsafe. Consider using strcpy_s instead. To disable deprecation, use _CRT_SECURE_NO_WARNINGS. See online help for details.
  c:\program files (x86)\windows kits\10\include\10.0.10240.0\ucrt\string.h(119): note: 'strcpy' 선언을 참조하십시오.
c:\users\cjw72\documents\visual studio 2015\projects\consoleapplication47\consoleapplication47\소스.cpp(480): warning C4996: 'strtok': This function or variable may be unsafe. Consider using strtok_s instead. To disable deprecation, use _CRT_SECURE_NO_WARNINGS. See online help for details.
  c:\program files (x86)\windows kits\10\include\10.0.10240.0\ucrt\string.h(453): note: 'strtok' 선언을 참조하십시오.
c:\users\cjw72\documents\visual studio 2015\projects\consoleapplication47\consoleapplication47\소스.cpp(484): warning C4996: 'strcpy': This function or variable may be unsafe. Consider using strcpy_s instead. To disable deprecation, use _CRT_SECURE_NO_WARNINGS. See online help for details.
  c:\program files (x86)\windows kits\10\include\10.0.10240.0\ucrt\string.h(119): note: 'strcpy' 선언을 참조하십시오.
c:\users\cjw72\documents\visual studio 2015\projects\consoleapplication47\consoleapplication47\소스.cpp(485): warning C4996: 'strcpy': This function or variable may be unsafe. Consider using strcpy_s instead. To disable deprecation, use _CRT_SECURE_NO_WARNINGS. See online help for details.
  c:\program files (x86)\windows kits\10\include\10.0.10240.0\ucrt\string.h(119): note: 'strcpy' 선언을 참조하십시오.
c:\users\cjw72\documents\visual studio 2015\projects\consoleapplication47\consoleapplication47\소스.cpp(490): warning C4996: 'strcpy': This function or variable may be unsafe. Consider using strcpy_s instead. To disable deprecation, use _CRT_SECURE_NO_WARNINGS. See online help for details.
  c:\program files (x86)\windows kits\10\include\10.0.10240.0\ucrt\string.h(119): note: 'strcpy' 선언을 참조하십시오.
c:\users\cjw72\documents\visual studio 2015\projects\consoleapplication47\consoleapplication47\소스.cpp(491): warning C4996: 'strcpy': This function or variable may be unsafe. Consider using strcpy_s instead. To disable deprecation, use _CRT_SECURE_NO_WARNINGS. See online help for details.
  c:\program files (x86)\windows kits\10\include\10.0.10240.0\ucrt\string.h(119): note: 'strcpy' 선언을 참조하십시오.
c:\users\cjw72\documents\visual studio 2015\projects\consoleapplication47\consoleapplication47\소스.cpp(492): warning C4996: 'strcpy': This function or variable may be unsafe. Consider using strcpy_s instead. To disable deprecation, use _CRT_SECURE_NO_WARNINGS. See online help for details.
  c:\program files (x86)\windows kits\10\include\10.0.10240.0\ucrt\string.h(119): note: 'strcpy' 선언을 참조하십시오.
c:\users\cjw72\documents\visual studio 2015\projects\consoleapplication47\consoleapplication47\소스.cpp(497): warning C4996: 'strcpy': This function or variable may be unsafe. Consider using strcpy_s instead. To disable deprecation, use _CRT_SECURE_NO_WARNINGS. See online help for details.
  c:\program files (x86)\windows kits\10\include\10.0.10240.0\ucrt\string.h(119): note: 'strcpy' 선언을 참조하십시오.
c:\users\cjw72\documents\visual studio 2015\projects\consoleapplication47\consoleapplication47\소스.cpp(498): warning C4996: 'strcpy': This function or variable may be unsafe. Consider using strcpy_s instead. To disable deprecation, use _CRT_SECURE_NO_WARNINGS. See online help for details.
  c:\program files (x86)\windows kits\10\include\10.0.10240.0\ucrt\string.h(119): note: 'strcpy' 선언을 참조하십시오.
c:\users\cjw72\documents\visual studio 2015\projects\consoleapplication47\consoleapplication47\소스.cpp(499): warning C4996: 'strcpy': This function or variable may be unsafe. Consider using strcpy_s instead. To disable deprecation, use _CRT_SECURE_NO_WARNINGS. See online help for details.
  c:\program files (x86)\windows kits\10\include\10.0.10240.0\ucrt\string.h(119): note: 'strcpy' 선언을 참조하십시오.
c:\users\cjw72\documents\visual studio 2015\projects\consoleapplication47\consoleapplication47\소스.cpp(504): warning C4996: 'strcpy': This function or variable may be unsafe. Consider using strcpy_s instead. To disable deprecation, use _CRT_SECURE_NO_WARNINGS. See online help for details.
  c:\program files (x86)\windows kits\10\include\10.0.10240.0\ucrt\string.h(119): note: 'strcpy' 선언을 참조하십시오.
c:\users\cjw72\documents\visual studio 2015\projects\consoleapplication47\consoleapplication47\소스.cpp(505): warning C4996: 'strcpy': This function or variable may be unsafe. Consider using strcpy_s instead. To disable deprecation, use _CRT_SECURE_NO_WARNINGS. See online help for details.
  c:\program files (x86)\windows kits\10\include\10.0.10240.0\ucrt\string.h(119): note: 'strcpy' 선언을 참조하십시오.
c:\users\cjw72\documents\visual studio 2015\projects\consoleapplication47\consoleapplication47\소스.cpp(506): warning C4996: 'strcpy': This function or variable may be unsafe. Consider using strcpy_s instead. To disable deprecation, use _CRT_SECURE_NO_WARNINGS. See online help for details.
  c:\program files (x86)\windows kits\10\include\10.0.10240.0\ucrt\string.h(119): note: 'strcpy' 선언을 참조하십시오.
c:\users\cjw72\documents\visual studio 2015\projects\consoleapplication47\consoleapplication47\소스.cpp(515): warning C4996: 'strcpy': This function or variable may be unsafe. Consider using strcpy_s instead. To disable deprecation, use _CRT_SECURE_NO_WARNINGS. See online help for details.
  c:\program files (x86)\windows kits\10\include\10.0.10240.0\ucrt\string.h(119): note: 'strcpy' 선언을 참조하십시오.
c:\users\cjw72\documents\visual studio 2015\projects\consoleapplication47\consoleapplication47\소스.cpp(517): warning C4996: 'strcpy': This function or variable may be unsafe. Consider using strcpy_s instead. To disable deprecation, use _CRT_SECURE_NO_WARNINGS. See online help for details.
  c:\program files (x86)\windows kits\10\include\10.0.10240.0\ucrt\string.h(119): note: 'strcpy' 선언을 참조하십시오.
c:\users\cjw72\documents\visual studio 2015\projects\consoleapplication47\consoleapplication47\소스.cpp(519): warning C4996: 'strcpy': This function or variable may be unsafe. Consider using strcpy_s instead. To disable deprecation, use _CRT_SECURE_NO_WARNINGS. See online help for details.
  c:\program files (x86)\windows kits\10\include\10.0.10240.0\ucrt\string.h(119): note: 'strcpy' 선언을 참조하십시오.
c:\users\cjw72\documents\visual studio 2015\projects\consoleapplication47\consoleapplication47\소스.cpp(521): warning C4996: 'strcpy': This function or variable may be unsafe. Consider using strcpy_s instead. To disable deprecation, use _CRT_SECURE_NO_WARNINGS. See online help for details.
  c:\program files (x86)\windows kits\10\include\10.0.10240.0\ucrt\string.h(119): note: 'strcpy' 선언을 참조하십시오.
c:\users\cjw72\documents\visual studio 2015\projects\consoleapplication47\consoleapplication47\소스.cpp(523): warning C4996: 'strcpy': This function or variable may be unsafe. Consider using strcpy_s instead. To disable deprecation, use _CRT_SECURE_NO_WARNINGS. See online help for details.
  c:\program files (x86)\windows kits\10\include\10.0.10240.0\ucrt\string.h(119): note: 'strcpy' 선언을 참조하십시오.
c:\users\cjw72\documents\visual studio 2015\projects\consoleapplication47\consoleapplication47\소스.cpp(525): warning C4996: 'strcpy': This function or variable may be unsafe. Consider using strcpy_s instead. To disable deprecation, use _CRT_SECURE_NO_WARNINGS. See online help for details.
  c:\program files (x86)\windows kits\10\include\10.0.10240.0\ucrt\string.h(119): note: 'strcpy' 선언을 참조하십시오.
c:\users\cjw72\documents\visual studio 2015\projects\consoleapplication47\consoleapplication47\소스.cpp(527): warning C4996: 'strcpy': This function or variable may be unsafe. Consider using strcpy_s instead. To disable deprecation, use _CRT_SECURE_NO_WARNINGS. See online help for details.
  c:\program files (x86)\windows kits\10\include\10.0.10240.0\ucrt\string.h(119): note: 'strcpy' 선언을 참조하십시오.
c:\users\cjw72\documents\visual studio 2015\projects\consoleapplication47\consoleapplication47\소스.cpp(529): warning C4996: 'strcpy': This function or variable may be unsafe. Consider using strcpy_s instead. To disable deprecation, use _CRT_SECURE_NO_WARNINGS. See online help for details.
  c:\program files (x86)\windows kits\10\include\10.0.10240.0\ucrt\string.h(119): note: 'strcpy' 선언을 참조하십시오.
c:\users\cjw72\documents\visual studio 2015\projects\consoleapplication47\consoleapplication47\소스.cpp(531): warning C4996: 'strcpy': This function or variable may be unsafe. Consider using strcpy_s instead. To disable deprecation, use _CRT_SECURE_NO_WARNINGS. See online help for details.
  c:\program files (x86)\windows kits\10\include\10.0.10240.0\ucrt\string.h(119): note: 'strcpy' 선언을 참조하십시오.
c:\users\cjw72\documents\visual studio 2015\projects\consoleapplication47\consoleapplication47\소스.cpp(533): warning C4996: 'strcpy': This function or variable may be unsafe. Consider using strcpy_s instead. To disable deprecation, use _CRT_SECURE_NO_WARNINGS. See online help for details.
  c:\program files (x86)\windows kits\10\include\10.0.10240.0\ucrt\string.h(119): note: 'strcpy' 선언을 참조하십시오.
c:\users\cjw72\documents\visual studio 2015\projects\consoleapplication47\consoleapplication47\소스.cpp(535): warning C4996: 'strcpy': This function or variable may be unsafe. Consider using strcpy_s instead. To disable deprecation, use _CRT_SECURE_NO_WARNINGS. See online help for details.
  c:\program files (x86)\windows kits\10\include\10.0.10240.0\ucrt\string.h(119): note: 'strcpy' 선언을 참조하십시오.
c:\users\cjw72\documents\visual studio 2015\projects\consoleapplication47\consoleapplication47\소스.cpp(537): warning C4996: 'strcpy': This function or variable may be unsafe. Consider using strcpy_s instead. To disable deprecation, use _CRT_SECURE_NO_WARNINGS. See online help for details.
  c:\program files (x86)\windows kits\10\include\10.0.10240.0\ucrt\string.h(119): note: 'strcpy' 선언을 참조하십시오.
c:\users\cjw72\documents\visual studio 2015\projects\consoleapplication47\consoleapplication47\소스.cpp(539): warning C4996: 'strcpy': This function or variable may be unsafe. Consider using strcpy_s instead. To disable deprecation, use _CRT_SECURE_NO_WARNINGS. See online help for details.
  c:\program files (x86)\windows kits\10\include\10.0.10240.0\ucrt\string.h(119): note: 'strcpy' 선언을 참조하십시오.
c:\users\cjw72\documents\visual studio 2015\projects\consoleapplication47\consoleapplication47\소스.cpp(541): warning C4996: 'strcpy': This function or variable may be unsafe. Consider using strcpy_s instead. To disable deprecation, use _CRT_SECURE_NO_WARNINGS. See online help for details.
  c:\program files (x86)\windows kits\10\include\10.0.10240.0\ucrt\string.h(119): note: 'strcpy' 선언을 참조하십시오.
c:\users\cjw72\documents\visual studio 2015\projects\consoleapplication47\consoleapplication47\소스.cpp(543): warning C4996: 'strcpy': This function or variable may be unsafe. Consider using strcpy_s instead. To disable deprecation, use _CRT_SECURE_NO_WARNINGS. See online help for details.
  c:\program files (x86)\windows kits\10\include\10.0.10240.0\ucrt\string.h(119): note: 'strcpy' 선언을 참조하십시오.
c:\users\cjw72\documents\visual studio 2015\projects\consoleapplication47\consoleapplication47\소스.cpp(545): warning C4996: 'strcpy': This function or variable may be unsafe. Consider using strcpy_s instead. To disable deprecation, use _CRT_SECURE_NO_WARNINGS. See online help for details.
  c:\program files (x86)\windows kits\10\include\10.0.10240.0\ucrt\string.h(119): note: 'strcpy' 선언을 참조하십시오.
c:\users\cjw72\documents\visual studio 2015\projects\consoleapplication47\consoleapplication47\소스.cpp(547): warning C4996: 'strcpy': This function or variable may be unsafe. Consider using strcpy_s instead. To disable deprecation, use _CRT_SECURE_NO_WARNINGS. See online help for details.
  c:\program files (x86)\windows kits\10\include\10.0.10240.0\ucrt\string.h(119): note: 'strcpy' 선언을 참조하십시오.
c:\users\cjw72\documents\visual studio 2015\projects\consoleapplication47\consoleapplication47\소스.cpp(549): warning C4996: 'strcpy': This function or variable may be unsafe. Consider using strcpy_s instead. To disable deprecation, use _CRT_SECURE_NO_WARNINGS. See online help for details.
  c:\program files (x86)\windows kits\10\include\10.0.10240.0\ucrt\string.h(119): note: 'strcpy' 선언을 참조하십시오.
c:\users\cjw72\documents\visual studio 2015\projects\consoleapplication47\consoleapplication47\소스.cpp(551): warning C4996: 'strcpy': This function or variable may be unsafe. Consider using strcpy_s instead. To disable deprecation, use _CRT_SECURE_NO_WARNINGS. See online help for details.
  c:\program files (x86)\windows kits\10\include\10.0.10240.0\ucrt\string.h(119): note: 'strcpy' 선언을 참조하십시오.
c:\users\cjw72\documents\visual studio 2015\projects\consoleapplication47\consoleapplication47\소스.cpp(553): warning C4996: 'strcpy': This function or variable may be unsafe. Consider using strcpy_s instead. To disable deprecation, use _CRT_SECURE_NO_WARNINGS. See online help for details.
  c:\program files (x86)\windows kits\10\include\10.0.10240.0\ucrt\string.h(119): note: 'strcpy' 선언을 참조하십시오.
c:\users\cjw72\documents\visual studio 2015\projects\consoleapplication47\consoleapplication47\소스.cpp(555): warning C4996: 'strcpy': This function or variable may be unsafe. Consider using strcpy_s instead. To disable deprecation, use _CRT_SECURE_NO_WARNINGS. See online help for details.
  c:\program files (x86)\windows kits\10\include\10.0.10240.0\ucrt\string.h(119): note: 'strcpy' 선언을 참조하십시오.
c:\users\cjw72\documents\visual studio 2015\projects\consoleapplication47\consoleapplication47\소스.cpp(557): warning C4996: 'strcpy': This function or variable may be unsafe. Consider using strcpy_s instead. To disable deprecation, use _CRT_SECURE_NO_WARNINGS. See online help for details.
  c:\program files (x86)\windows kits\10\include\10.0.10240.0\ucrt\string.h(119): note: 'strcpy' 선언을 참조하십시오.
c:\users\cjw72\documents\visual studio 2015\projects\consoleapplication47\consoleapplication47\소스.cpp(559): warning C4996: 'strcpy': This function or variable may be unsafe. Consider using strcpy_s instead. To disable deprecation, use _CRT_SECURE_NO_WARNINGS. See online help for details.
  c:\program files (x86)\windows kits\10\include\10.0.10240.0\ucrt\string.h(119): note: 'strcpy' 선언을 참조하십시오.
c:\users\cjw72\documents\visual studio 2015\projects\consoleapplication47\consoleapplication47\소스.cpp(561): warning C4996: 'strcpy': This function or variable may be unsafe. Consider using strcpy_s instead. To disable deprecation, use _CRT_SECURE_NO_WARNINGS. See online help for details.
  c:\program files (x86)\windows kits\10\include\10.0.10240.0\ucrt\string.h(119): note: 'strcpy' 선언을 참조하십시오.
c:\users\cjw72\documents\visual studio 2015\projects\consoleapplication47\consoleapplication47\소스.cpp(563): warning C4996: 'strcpy': This function or variable may be unsafe. Consider using strcpy_s instead. To disable deprecation, use _CRT_SECURE_NO_WARNINGS. See online help for details.
  c:\program files (x86)\windows kits\10\include\10.0.10240.0\ucrt\string.h(119): note: 'strcpy' 선언을 참조하십시오.
c:\users\cjw72\documents\visual studio 2015\projects\consoleapplication47\consoleapplication47\소스.cpp(565): warning C4996: 'strcpy': This function or variable may be unsafe. Consider using strcpy_s instead. To disable deprecation, use _CRT_SECURE_NO_WARNINGS. See online help for details.
  c:\program files (x86)\windows kits\10\include\10.0.10240.0\ucrt\string.h(119): note: 'strcpy' 선언을 참조하십시오.
c:\users\cjw72\documents\visual studio 2015\projects\consoleapplication47\consoleapplication47\소스.cpp(567): warning C4996: 'strcpy': This function or variable may be unsafe. Consider using strcpy_s instead. To disable deprecation, use _CRT_SECURE_NO_WARNINGS. See online help for details.
  c:\program files (x86)\windows kits\10\include\10.0.10240.0\ucrt\string.h(119): note: 'strcpy' 선언을 참조하십시오.
c:\users\cjw72\documents\visual studio 2015\projects\consoleapplication47\consoleapplication47\소스.cpp(569): warning C4996: 'strcpy': This function or variable may be unsafe. Consider using strcpy_s instead. To disable deprecation, use _CRT_SECURE_NO_WARNINGS. See online help for details.
  c:\program files (x86)\windows kits\10\include\10.0.10240.0\ucrt\string.h(119): note: 'strcpy' 선언을 참조하십시오.
c:\users\cjw72\documents\visual studio 2015\projects\consoleapplication47\consoleapplication47\소스.cpp(571): warning C4996: 'strcpy': This function or variable may be unsafe. Consider using strcpy_s instead. To disable deprecation, use _CRT_SECURE_NO_WARNINGS. See online help for details.
  c:\program files (x86)\windows kits\10\include\10.0.10240.0\ucrt\string.h(119): note: 'strcpy' 선언을 참조하십시오.
c:\users\cjw72\documents\visual studio 2015\projects\consoleapplication47\consoleapplication47\소스.cpp(573): warning C4996: 'strcpy': This function or variable may be unsafe. Consider using strcpy_s instead. To disable deprecation, use _CRT_SECURE_NO_WARNINGS. See online help for details.
  c:\program files (x86)\windows kits\10\include\10.0.10240.0\ucrt\string.h(119): note: 'strcpy' 선언을 참조하십시오.
c:\users\cjw72\documents\visual studio 2015\projects\consoleapplication47\consoleapplication47\소스.cpp(575): warning C4996: 'strcpy': This function or variable may be unsafe. Consider using strcpy_s instead. To disable deprecation, use _CRT_SECURE_NO_WARNINGS. See online help for details.
  c:\program files (x86)\windows kits\10\include\10.0.10240.0\ucrt\string.h(119): note: 'strcpy' 선언을 참조하십시오.
c:\users\cjw72\documents\visual studio 2015\projects\consoleapplication47\consoleapplication47\소스.cpp(577): warning C4996: 'strcpy': This function or variable may be unsafe. Consider using strcpy_s instead. To disable deprecation, use _CRT_SECURE_NO_WARNINGS. See online help for details.
  c:\program files (x86)\windows kits\10\include\10.0.10240.0\ucrt\string.h(119): note: 'strcpy' 선언을 참조하십시오.
c:\users\cjw72\documents\visual studio 2015\projects\consoleapplication47\consoleapplication47\소스.cpp(579): warning C4996: 'strcpy': This function or variable may be unsafe. Consider using strcpy_s instead. To disable deprecation, use _CRT_SECURE_NO_WARNINGS. See online help for details.
  c:\program files (x86)\windows kits\10\include\10.0.10240.0\ucrt\string.h(119): note: 'strcpy' 선언을 참조하십시오.
c:\users\cjw72\documents\visual studio 2015\projects\consoleapplication47\consoleapplication47\소스.cpp(581): warning C4996: 'strcpy': This function or variable may be unsafe. Consider using strcpy_s instead. To disable deprecation, use _CRT_SECURE_NO_WARNINGS. See online help for details.
  c:\program files (x86)\windows kits\10\include\10.0.10240.0\ucrt\string.h(119): note: 'strcpy' 선언을 참조하십시오.
c:\users\cjw72\documents\visual studio 2015\projects\consoleapplication47\consoleapplication47\소스.cpp(583): warning C4996: 'strcpy': This function or variable may be unsafe. Consider using strcpy_s instead. To disable deprecation, use _CRT_SECURE_NO_WARNINGS. See online help for details.
  c:\program files (x86)\windows kits\10\include\10.0.10240.0\ucrt\string.h(119): note: 'strcpy' 선언을 참조하십시오.
c:\users\cjw72\documents\visual studio 2015\projects\consoleapplication47\consoleapplication47\소스.cpp(585): warning C4996: 'strcpy': This function or variable may be unsafe. Consider using strcpy_s instead. To disable deprecation, use _CRT_SECURE_NO_WARNINGS. See online help for details.
  c:\program files (x86)\windows kits\10\include\10.0.10240.0\ucrt\string.h(119): note: 'strcpy' 선언을 참조하십시오.
c:\users\cjw72\documents\visual studio 2015\projects\consoleapplication47\consoleapplication47\소스.cpp(587): warning C4996: 'strcpy': This function or variable may be unsafe. Consider using strcpy_s instead. To disable deprecation, use _CRT_SECURE_NO_WARNINGS. See online help for details.
  c:\program files (x86)\windows kits\10\include\10.0.10240.0\ucrt\string.h(119): note: 'strcpy' 선언을 참조하십시오.
c:\users\cjw72\documents\visual studio 2015\projects\consoleapplication47\consoleapplication47\소스.cpp(589): warning C4996: 'strcpy': This function or variable may be unsafe. Consider using strcpy_s instead. To disable deprecation, use _CRT_SECURE_NO_WARNINGS. See online help for details.
  c:\program files (x86)\windows kits\10\include\10.0.10240.0\ucrt\string.h(119): note: 'strcpy' 선언을 참조하십시오.
c:\users\cjw72\documents\visual studio 2015\projects\consoleapplication47\consoleapplication47\소스.cpp(591): warning C4996: 'strcpy': This function or variable may be unsafe. Consider using strcpy_s instead. To disable deprecation, use _CRT_SECURE_NO_WARNINGS. See online help for details.
  c:\program files (x86)\windows kits\10\include\10.0.10240.0\ucrt\string.h(119): note: 'strcpy' 선언을 참조하십시오.
c:\users\cjw72\documents\visual studio 2015\projects\consoleapplication47\consoleapplication47\소스.cpp(593): warning C4996: 'strcpy': This function or variable may be unsafe. Consider using strcpy_s instead. To disable deprecation, use _CRT_SECURE_NO_WARNINGS. See online help for details.
  c:\program files (x86)\windows kits\10\include\10.0.10240.0\ucrt\string.h(119): note: 'strcpy' 선언을 참조하십시오.
c:\users\cjw72\documents\visual studio 2015\projects\consoleapplication47\consoleapplication47\소스.cpp(595): warning C4996: 'strcpy': This function or variable may be unsafe. Consider using strcpy_s instead. To disable deprecation, use _CRT_SECURE_NO_WARNINGS. See online help for details.
  c:\program files (x86)\windows kits\10\include\10.0.10240.0\ucrt\string.h(119): note: 'strcpy' 선언을 참조하십시오.
c:\users\cjw72\documents\visual studio 2015\projects\consoleapplication47\consoleapplication47\소스.cpp(597): warning C4996: 'strcpy': This function or variable may be unsafe. Consider using strcpy_s instead. To disable deprecation, use _CRT_SECURE_NO_WARNINGS. See online help for details.
  c:\program files (x86)\windows kits\10\include\10.0.10240.0\ucrt\string.h(119): note: 'strcpy' 선언을 참조하십시오.
c:\users\cjw72\documents\visual studio 2015\projects\consoleapplication47\consoleapplication47\소스.cpp(599): warning C4996: 'strcpy': This function or variable may be unsafe. Consider using strcpy_s instead. To disable deprecation, use _CRT_SECURE_NO_WARNINGS. See online help for details.
  c:\program files (x86)\windows kits\10\include\10.0.10240.0\ucrt\string.h(119): note: 'strcpy' 선언을 참조하십시오.
c:\users\cjw72\documents\visual studio 2015\projects\consoleapplication47\consoleapplication47\소스.cpp(601): warning C4996: 'strcpy': This function or variable may be unsafe. Consider using strcpy_s instead. To disable deprecation, use _CRT_SECURE_NO_WARNINGS. See online help for details.
  c:\program files (x86)\windows kits\10\include\10.0.10240.0\ucrt\string.h(119): note: 'strcpy' 선언을 참조하십시오.
c:\users\cjw72\documents\visual studio 2015\projects\consoleapplication47\consoleapplication47\소스.cpp(603): warning C4996: 'strcpy': This function or variable may be unsafe. Consider using strcpy_s instead. To disable deprecation, use _CRT_SECURE_NO_WARNINGS. See online help for details.
  c:\program files (x86)\windows kits\10\include\10.0.10240.0\ucrt\string.h(119): note: 'strcpy' 선언을 참조하십시오.
c:\users\cjw72\documents\visual studio 2015\projects\consoleapplication47\consoleapplication47\소스.cpp(605): warning C4996: 'strcpy': This function or variable may be unsafe. Consider using strcpy_s instead. To disable deprecation, use _CRT_SECURE_NO_WARNINGS. See online help for details.
  c:\program files (x86)\windows kits\10\include\10.0.10240.0\ucrt\string.h(119): note: 'strcpy' 선언을 참조하십시오.
c:\users\cjw72\documents\visual studio 2015\projects\consoleapplication47\consoleapplication47\소스.cpp(607): warning C4996: 'strcpy': This function or variable may be unsafe. Consider using strcpy_s instead. To disable deprecation, use _CRT_SECURE_NO_WARNINGS. See online help for details.
  c:\program files (x86)\windows kits\10\include\10.0.10240.0\ucrt\string.h(119): note: 'strcpy' 선언을 참조하십시오.
c:\users\cjw72\documents\visual studio 2015\projects\consoleapplication47\consoleapplication47\소스.cpp(609): warning C4996: 'strcpy': This function or variable may be unsafe. Consider using strcpy_s instead. To disable deprecation, use _CRT_SECURE_NO_WARNINGS. See online help for details.
  c:\program files (x86)\windows kits\10\include\10.0.10240.0\ucrt\string.h(119): note: 'strcpy' 선언을 참조하십시오.
c:\users\cjw72\documents\visual studio 2015\projects\consoleapplication47\consoleapplication47\소스.cpp(611): warning C4996: 'strcpy': This function or variable may be unsafe. Consider using strcpy_s instead. To disable deprecation, use _CRT_SECURE_NO_WARNINGS. See online help for details.
  c:\program files (x86)\windows kits\10\include\10.0.10240.0\ucrt\string.h(119): note: 'strcpy' 선언을 참조하십시오.
c:\users\cjw72\documents\visual studio 2015\projects\consoleapplication47\consoleapplication47\소스.cpp(613): warning C4996: 'strcpy': This function or variable may be unsafe. Consider using strcpy_s instead. To disable deprecation, use _CRT_SECURE_NO_WARNINGS. See online help for details.
  c:\program files (x86)\windows kits\10\include\10.0.10240.0\ucrt\string.h(119): note: 'strcpy' 선언을 참조하십시오.
c:\users\cjw72\documents\visual studio 2015\projects\consoleapplication47\consoleapplication47\소스.cpp(615): warning C4996: 'strcpy': This function or variable may be unsafe. Consider using strcpy_s instead. To disable deprecation, use _CRT_SECURE_NO_WARNINGS. See online help for details.
  c:\program files (x86)\windows kits\10\include\10.0.10240.0\ucrt\string.h(119): note: 'strcpy' 선언을 참조하십시오.
c:\users\cjw72\documents\visual studio 2015\projects\consoleapplication47\consoleapplication47\소스.cpp(617): warning C4996: 'strcpy': This function or variable may be unsafe. Consider using strcpy_s instead. To disable deprecation, use _CRT_SECURE_NO_WARNINGS. See online help for details.
  c:\program files (x86)\windows kits\10\include\10.0.10240.0\ucrt\string.h(119): note: 'strcpy' 선언을 참조하십시오.
c:\users\cjw72\documents\visual studio 2015\projects\consoleapplication47\consoleapplication47\소스.cpp(619): warning C4996: 'strcpy': This function or variable may be unsafe. Consider using strcpy_s instead. To disable deprecation, use _CRT_SECURE_NO_WARNINGS. See online help for details.
  c:\program files (x86)\windows kits\10\include\10.0.10240.0\ucrt\string.h(119): note: 'strcpy' 선언을 참조하십시오.
c:\users\cjw72\documents\visual studio 2015\projects\consoleapplication47\consoleapplication47\소스.cpp(621): warning C4996: 'strcpy': This function or variable may be unsafe. Consider using strcpy_s instead. To disable deprecation, use _CRT_SECURE_NO_WARNINGS. See online help for details.
  c:\program files (x86)\windows kits\10\include\10.0.10240.0\ucrt\string.h(119): note: 'strcpy' 선언을 참조하십시오.
c:\users\cjw72\documents\visual studio 2015\projects\consoleapplication47\consoleapplication47\소스.cpp(623): warning C4996: 'strcpy': This function or variable may be unsafe. Consider using strcpy_s instead. To disable deprecation, use _CRT_SECURE_NO_WARNINGS. See online help for details.
  c:\program files (x86)\windows kits\10\include\10.0.10240.0\ucrt\string.h(119): note: 'strcpy' 선언을 참조하십시오.
c:\users\cjw72\documents\visual studio 2015\projects\consoleapplication47\consoleapplication47\소스.cpp(625): warning C4996: 'strcpy': This function or variable may be unsafe. Consider using strcpy_s instead. To disable deprecation, use _CRT_SECURE_NO_WARNINGS. See online help for details.
  c:\program files (x86)\windows kits\10\include\10.0.10240.0\ucrt\string.h(119): note: 'strcpy' 선언을 참조하십시오.
c:\users\cjw72\documents\visual studio 2015\projects\consoleapplication47\consoleapplication47\소스.cpp(627): warning C4996: 'strcpy': This function or variable may be unsafe. Consider using strcpy_s instead. To disable deprecation, use _CRT_SECURE_NO_WARNINGS. See online help for details.
  c:\program files (x86)\windows kits\10\include\10.0.10240.0\ucrt\string.h(119): note: 'strcpy' 선언을 참조하십시오.
c:\users\cjw72\documents\visual studio 2015\projects\consoleapplication47\consoleapplication47\소스.cpp(629): warning C4996: 'strcpy': This function or variable may be unsafe. Consider using strcpy_s instead. To disable deprecation, use _CRT_SECURE_NO_WARNINGS. See online help for details.
  c:\program files (x86)\windows kits\10\include\10.0.10240.0\ucrt\string.h(119): note: 'strcpy' 선언을 참조하십시오.
c:\users\cjw72\documents\visual studio 2015\projects\consoleapplication47\consoleapplication47\소스.cpp(631): warning C4996: 'strcpy': This function or variable may be unsafe. Consider using strcpy_s instead. To disable deprecation, use _CRT_SECURE_NO_WARNINGS. See online help for details.
  c:\program files (x86)\windows kits\10\include\10.0.10240.0\ucrt\string.h(119): note: 'strcpy' 선언을 참조하십시오.
c:\users\cjw72\documents\visual studio 2015\projects\consoleapplication47\consoleapplication47\소스.cpp(640): warning C4996: 'fopen': This function or variable may be unsafe. Consider using fopen_s instead. To disable deprecation, use _CRT_SECURE_NO_WARNINGS. See online help for details.
  c:\program files (x86)\windows kits\10\include\10.0.10240.0\ucrt\stdio.h(205): note: 'fopen' 선언을 참조하십시오.
c:\users\cjw72\documents\visual studio 2015\projects\consoleapplication47\consoleapplication47\소스.cpp(637): warning C4101: 'intermediate' :참조되지 않은 지역 변수입니다.
c:\users\cjw72\documents\visual studio 2015\projects\consoleapplication47\consoleapplication47\소스.cpp(638): warning C4101: 'objectProgram' :참조되지 않은 지역 변수입니다.
  ConsoleApplication47.vcxproj -> C:\Users\cjw72\documents\visual studio 2015\Projects\ConsoleApplication47\Debug\ConsoleApplication47.exe
  ConsoleApplication47.vcxproj -> C:\Users\cjw72\documents\visual studio 2015\Projects\ConsoleApplication47\Debug\ConsoleApplication47.pdb (Full PDB)
